app/build/intermediates/manifest_merge_blame_file/freeDebug/manifest-merger-blame-free-debug-report.txt
1<?xml version="1.0" encoding="utf-8"?>
2<manifest xmlns:android="http://schemas.android.com/apk/res/android"
3    package="de.danoeh.antennapod.debug"
4    android:installLocation="auto"
5    android:versionCode="2010395"
6    android:versionName="2.1.3" >
7
8    <uses-sdk
9        android:minSdkVersion="16"
9-->src/main/AndroidManifest.xml
10        android:targetSdkVersion="30" />
10-->src/main/AndroidManifest.xml
11
12    <uses-permission android:name="android.permission.INTERNET" />
12-->src/main/AndroidManifest.xml:6:5-66
12-->src/main/AndroidManifest.xml:6:22-64
13    <uses-permission android:name="android.permission.WRITE_EXTERNAL_STORAGE" />
13-->src/main/AndroidManifest.xml:7:5-80
13-->src/main/AndroidManifest.xml:7:22-78
14    <uses-permission android:name="android.permission.WAKE_LOCK" />
14-->src/main/AndroidManifest.xml:8:5-67
14-->src/main/AndroidManifest.xml:8:22-65
15    <uses-permission android:name="android.permission.ACCESS_NETWORK_STATE" />
15-->src/main/AndroidManifest.xml:9:5-78
15-->src/main/AndroidManifest.xml:9:22-76
16    <uses-permission android:name="android.permission.FOREGROUND_SERVICE" />
16-->src/main/AndroidManifest.xml:10:5-76
16-->src/main/AndroidManifest.xml:10:22-74
17
18    <supports-screens
18-->src/main/AndroidManifest.xml:12:5-17:39
19        android:anyDensity="true"
19-->src/main/AndroidManifest.xml:13:9-34
20        android:largeScreens="true"
20-->src/main/AndroidManifest.xml:14:9-36
21        android:normalScreens="true"
21-->src/main/AndroidManifest.xml:15:9-37
22        android:smallScreens="true"
22-->src/main/AndroidManifest.xml:16:9-36
23        android:xlargeScreens="true" />
23-->src/main/AndroidManifest.xml:17:9-37
24
25    <uses-feature
25-->src/main/AndroidManifest.xml:19:5-21:35
26        android:name="android.hardware.screen.portrait"
26-->src/main/AndroidManifest.xml:20:9-56
27        android:required="false" />
27-->src/main/AndroidManifest.xml:21:9-33
28    <uses-feature
28-->src/main/AndroidManifest.xml:22:5-24:35
29        android:name="android.hardware.touchscreen"
29-->src/main/AndroidManifest.xml:23:9-52
30        android:required="false" />
30-->src/main/AndroidManifest.xml:24:9-33
31
32    <uses-permission android:name="android.permission.ACCESS_WIFI_STATE" />
32-->src/main/AndroidManifest.xml:26:5-75
32-->src/main/AndroidManifest.xml:26:22-73
33    <uses-permission android:name="android.permission.RECEIVE_BOOT_COMPLETED" />
33-->src/main/AndroidManifest.xml:27:5-80
33-->src/main/AndroidManifest.xml:27:22-78
34    <uses-permission android:name="android.permission.BLUETOOTH" />
34-->[:core] AndroidManifest.xml:16:5-68
34-->[:core] AndroidManifest.xml:16:22-65
35    <uses-permission android:name="android.permission.VIBRATE" />
35-->[:core] AndroidManifest.xml:17:5-66
35-->[:core] AndroidManifest.xml:17:22-63
36
37    <application
37-->src/main/AndroidManifest.xml:29:5-349:19
38        android:name="de.danoeh.antennapod.PodcastApp"
38-->src/main/AndroidManifest.xml:30:9-55
39        android:allowAudioPlaybackCapture="true"
39-->src/main/AndroidManifest.xml:41:9-49
40        android:allowBackup="true"
40-->[:core] AndroidManifest.xml:20:9-35
41        android:appComponentFactory="androidx.core.app.CoreComponentFactory"
41-->[androidx.core:core:1.3.0] AndroidManifest.xml:24:18-86
42        android:backupAgent="de.danoeh.antennapod.core.backup.OpmlBackupAgent"
42-->src/main/AndroidManifest.xml:34:9-59
43        android:debuggable="true"
44        android:icon="@mipmap/ic_launcher"
44-->src/main/AndroidManifest.xml:31:9-43
45        android:label="@string/app_name"
45-->src/main/AndroidManifest.xml:33:9-41
46        android:logo="@mipmap/ic_launcher"
46-->src/main/AndroidManifest.xml:39:9-43
47        android:resizeableActivity="true"
47-->src/main/AndroidManifest.xml:40:9-42
48        android:restoreAnyVersion="true"
48-->src/main/AndroidManifest.xml:35:9-41
49        android:roundIcon="@mipmap/ic_launcher_round"
49-->src/main/AndroidManifest.xml:32:9-54
50        android:supportsRtl="true"
50-->src/main/AndroidManifest.xml:38:9-35
51        android:testOnly="true"
52        android:theme="@style/Theme.AntennaPod.Splash"
52-->src/main/AndroidManifest.xml:36:9-55
53        android:usesCleartextTraffic="true" >
53-->src/main/AndroidManifest.xml:37:9-44
54        <meta-data
54-->src/main/AndroidManifest.xml:44:9-45:35
55            android:name="android.webkit.WebView.MetricsOptOut"
55-->src/main/AndroidManifest.xml:44:20-71
56            android:value="true" />
56-->src/main/AndroidManifest.xml:45:13-33
57        <meta-data
57-->src/main/AndroidManifest.xml:46:9-47:59
58            android:name="com.google.android.gms.car.notification.SmallIcon"
58-->src/main/AndroidManifest.xml:46:20-84
59            android:resource="@drawable/ic_notification" />
59-->src/main/AndroidManifest.xml:47:13-57
60        <meta-data
60-->src/main/AndroidManifest.xml:48:9-50:58
61            android:name="com.google.android.gms.car.application"
61-->src/main/AndroidManifest.xml:49:13-66
62            android:resource="@xml/automotive_app_desc" />
62-->src/main/AndroidManifest.xml:50:13-56
63        <meta-data
63-->src/main/AndroidManifest.xml:51:9-53:81
64            android:name="com.google.android.backup.api_key"
64-->src/main/AndroidManifest.xml:52:13-61
65            android:value="AEdPqrEAAAAI3a05VToCTlqBymJrbFGaKQMvF-bBAuLsOdavBA" />
65-->src/main/AndroidManifest.xml:53:13-79
66
67        <!-- Version < 3.0. DeX Mode and Screen Mirroring support -->
68        <meta-data
68-->src/main/AndroidManifest.xml:56:9-95
69            android:name="com.samsung.android.keepalive.density"
69-->src/main/AndroidManifest.xml:56:20-72
70            android:value="true" />
70-->src/main/AndroidManifest.xml:56:73-93
71        <!-- Version >= 3.0. DeX Dual Mode support -->
72        <meta-data
72-->src/main/AndroidManifest.xml:58:9-109
73            android:name="com.samsung.android.multidisplay.keep_process_alive"
73-->src/main/AndroidManifest.xml:58:20-86
74            android:value="true" />
74-->src/main/AndroidManifest.xml:58:87-107
75
76        <activity
76-->src/main/AndroidManifest.xml:60:9-79:20
77            android:name="de.danoeh.antennapod.activity.SplashActivity"
77-->src/main/AndroidManifest.xml:61:13-52
78            android:configChanges="keyboardHidden|orientation|screenSize"
78-->src/main/AndroidManifest.xml:63:13-74
79            android:label="@string/app_name" >
79-->src/main/AndroidManifest.xml:62:13-45
80            <intent-filter>
80-->src/main/AndroidManifest.xml:64:13-67:29
81                <action android:name="android.intent.action.MAIN" />
81-->src/main/AndroidManifest.xml:65:17-68
81-->src/main/AndroidManifest.xml:65:25-66
82
83                <category android:name="android.intent.category.LAUNCHER" />
83-->src/main/AndroidManifest.xml:66:17-76
83-->src/main/AndroidManifest.xml:66:27-74
84            </intent-filter>
85            <intent-filter>
85-->src/main/AndroidManifest.xml:69:13-74:29
86                <action android:name="android.media.action.MEDIA_PLAY_FROM_SEARCH" />
86-->src/main/AndroidManifest.xml:70:17-71:69
86-->src/main/AndroidManifest.xml:70:25-104
87
88                <category android:name="android.intent.category.DEFAULT" />
88-->src/main/AndroidManifest.xml:72:17-73:57
88-->src/main/AndroidManifest.xml:72:27-94
89            </intent-filter>
90
91            <meta-data
91-->src/main/AndroidManifest.xml:76:13-78:53
92                android:name="android.app.shortcuts"
92-->src/main/AndroidManifest.xml:77:17-53
93                android:resource="@xml/shortcuts" />
93-->src/main/AndroidManifest.xml:78:17-50
94        </activity>
95        <activity
95-->src/main/AndroidManifest.xml:81:9-113:20
96            android:name="de.danoeh.antennapod.activity.MainActivity"
96-->src/main/AndroidManifest.xml:82:13-50
97            android:configChanges="keyboardHidden|orientation|screenSize|smallestScreenSize|screenLayout|density|uiMode|keyboard|navigation"
97-->src/main/AndroidManifest.xml:83:13-141
98            android:label="@string/app_name"
98-->src/main/AndroidManifest.xml:86:13-45
99            android:launchMode="singleTask"
99-->src/main/AndroidManifest.xml:85:13-44
100            android:windowSoftInputMode="stateAlwaysHidden" >
100-->src/main/AndroidManifest.xml:84:13-60
101            <intent-filter>
101-->src/main/AndroidManifest.xml:87:13-97:29
102                <action android:name="android.intent.action.VIEW" />
102-->src/main/AndroidManifest.xml:88:17-69
102-->src/main/AndroidManifest.xml:88:25-66
103
104                <category android:name="android.intent.category.DEFAULT" />
104-->src/main/AndroidManifest.xml:72:17-73:57
104-->src/main/AndroidManifest.xml:72:27-94
105                <category android:name="android.intent.category.BROWSABLE" />
105-->src/main/AndroidManifest.xml:91:17-78
105-->src/main/AndroidManifest.xml:91:27-75
106
107                <data
107-->src/main/AndroidManifest.xml:93:17-96:46
108                    android:host="antennapod.org"
108-->src/main/AndroidManifest.xml:94:21-50
109                    android:pathPrefix="/deeplink/main"
109-->src/main/AndroidManifest.xml:95:21-56
110                    android:scheme="https" />
110-->src/main/AndroidManifest.xml:96:21-43
111            </intent-filter>
112            <intent-filter>
112-->src/main/AndroidManifest.xml:98:13-108:29
113                <action android:name="android.intent.action.VIEW" />
113-->src/main/AndroidManifest.xml:88:17-69
113-->src/main/AndroidManifest.xml:88:25-66
114
115                <category android:name="android.intent.category.DEFAULT" />
115-->src/main/AndroidManifest.xml:72:17-73:57
115-->src/main/AndroidManifest.xml:72:27-94
116                <category android:name="android.intent.category.BROWSABLE" />
116-->src/main/AndroidManifest.xml:91:17-78
116-->src/main/AndroidManifest.xml:91:27-75
117
118                <data
118-->src/main/AndroidManifest.xml:93:17-96:46
119                    android:host="antennapod.org"
119-->src/main/AndroidManifest.xml:94:21-50
120                    android:pathPrefix="/deeplink/search"
120-->src/main/AndroidManifest.xml:95:21-56
121                    android:scheme="https" />
121-->src/main/AndroidManifest.xml:96:21-43
122            </intent-filter>
123            <intent-filter>
123-->src/main/AndroidManifest.xml:109:13-112:29
124                <action android:name="de.danoeh.antennapod.intents.MAIN_ACTIVITY" />
124-->src/main/AndroidManifest.xml:110:17-85
124-->src/main/AndroidManifest.xml:110:25-82
125
126                <category android:name="android.intent.category.DEFAULT" />
126-->src/main/AndroidManifest.xml:72:17-73:57
126-->src/main/AndroidManifest.xml:72:27-94
127            </intent-filter>
128        </activity>
129        <activity
129-->src/main/AndroidManifest.xml:115:9-118:50
130            android:name="de.danoeh.antennapod.activity.DownloadAuthenticationActivity"
130-->src/main/AndroidManifest.xml:116:13-68
131            android:launchMode="singleInstance"
131-->src/main/AndroidManifest.xml:118:13-48
132            android:theme="@style/Theme.AntennaPod.Dark.Translucent" />
132-->src/main/AndroidManifest.xml:117:13-69
133        <activity
133-->src/main/AndroidManifest.xml:120:9-127:20
134            android:name="de.danoeh.antennapod.activity.PreferenceActivity"
134-->src/main/AndroidManifest.xml:121:13-56
135            android:configChanges="keyboardHidden|orientation|screenSize"
135-->src/main/AndroidManifest.xml:122:13-74
136            android:label="@string/settings_label" >
136-->src/main/AndroidManifest.xml:123:13-51
137            <meta-data
137-->src/main/AndroidManifest.xml:124:13-126:77
138                android:name="android.support.PARENT_ACTIVITY"
138-->src/main/AndroidManifest.xml:125:17-63
139                android:value="de.danoeh.antennapod.activity.MainActivity" />
139-->src/main/AndroidManifest.xml:126:17-75
140        </activity>
141        <activity
141-->src/main/AndroidManifest.xml:129:9-135:20
142            android:name="de.danoeh.antennapod.activity.WidgetConfigActivity"
142-->src/main/AndroidManifest.xml:130:13-58
143            android:label="@string/widget_settings" >
143-->src/main/AndroidManifest.xml:131:13-52
144            <intent-filter>
144-->src/main/AndroidManifest.xml:132:13-134:29
145                <action android:name="android.appwidget.action.APPWIDGET_CONFIGUR" />
145-->src/main/AndroidManifest.xml:133:17-85
145-->src/main/AndroidManifest.xml:133:25-83
146            </intent-filter>
147        </activity>
148
149        <service
149-->src/main/AndroidManifest.xml:137:9-142:19
150            android:name="de.danoeh.antennapod.core.service.PlayerWidgetJobService"
150-->src/main/AndroidManifest.xml:138:13-64
151            android:enabled="true"
151-->src/main/AndroidManifest.xml:140:13-35
152            android:exported="false"
152-->src/main/AndroidManifest.xml:141:13-37
153            android:permission="android.permission.BIND_JOB_SERVICE" >
153-->src/main/AndroidManifest.xml:139:13-69
154        </service>
155
156        <receiver android:name="de.danoeh.antennapod.core.receiver.PlayerWidget" >
156-->src/main/AndroidManifest.xml:144:9-159:20
156-->src/main/AndroidManifest.xml:144:19-61
157            <intent-filter>
157-->src/main/AndroidManifest.xml:145:13-147:29
158                <action android:name="android.appwidget.action.APPWIDGET_UPDATE" />
158-->src/main/AndroidManifest.xml:146:17-83
158-->src/main/AndroidManifest.xml:146:25-81
159            </intent-filter>
160            <intent-filter>
160-->src/main/AndroidManifest.xml:148:13-150:29
161                <action android:name="de.danoeh.antennapod.FORCE_WIDGET_UPDATE" />
161-->src/main/AndroidManifest.xml:149:17-82
161-->src/main/AndroidManifest.xml:149:25-80
162            </intent-filter>
163
164            <meta-data
164-->src/main/AndroidManifest.xml:152:13-154:61
165                android:name="android.appwidget.provider"
165-->src/main/AndroidManifest.xml:153:17-58
166                android:resource="@xml/player_widget_info" />
166-->src/main/AndroidManifest.xml:154:17-59
167
168            <intent-filter>
168-->src/main/AndroidManifest.xml:156:13-158:29
169                <action android:name="de.danoeh.antennapod.STOP_WIDGET_UPDATE" />
169-->src/main/AndroidManifest.xml:157:17-81
169-->src/main/AndroidManifest.xml:157:25-79
170            </intent-filter>
171        </receiver>
172
173        <activity android:name="de.danoeh.antennapod.activity.StorageErrorActivity" >
173-->src/main/AndroidManifest.xml:161:9-162:20
173-->src/main/AndroidManifest.xml:161:19-64
174        </activity>
175        <activity
175-->src/main/AndroidManifest.xml:163:9-198:20
176            android:name="de.danoeh.antennapod.activity.OpmlImportActivity"
176-->src/main/AndroidManifest.xml:164:13-56
177            android:configChanges="keyboardHidden|orientation|screenSize"
177-->src/main/AndroidManifest.xml:165:13-74
178            android:label="@string/opml_import_label" >
178-->src/main/AndroidManifest.xml:166:13-54
179            <intent-filter>
179-->src/main/AndroidManifest.xml:167:13-182:29
180                <action android:name="android.intent.action.VIEW" />
180-->src/main/AndroidManifest.xml:88:17-69
180-->src/main/AndroidManifest.xml:88:25-66
181
182                <category android:name="android.intent.category.DEFAULT" />
182-->src/main/AndroidManifest.xml:72:17-73:57
182-->src/main/AndroidManifest.xml:72:27-94
183                <category android:name="android.intent.category.BROWSABLE" />
183-->src/main/AndroidManifest.xml:91:17-78
183-->src/main/AndroidManifest.xml:91:27-75
184
185                <data android:mimeType="text/xml" />
185-->src/main/AndroidManifest.xml:93:17-96:46
185-->src/main/AndroidManifest.xml:173:23-50
186                <data android:mimeType="text/x-opml" />
186-->src/main/AndroidManifest.xml:93:17-96:46
186-->src/main/AndroidManifest.xml:173:23-50
187                <data android:mimeType="application/xml" />
187-->src/main/AndroidManifest.xml:93:17-96:46
187-->src/main/AndroidManifest.xml:173:23-50
188                <data android:mimeType="application/octet-stream" />
188-->src/main/AndroidManifest.xml:93:17-96:46
188-->src/main/AndroidManifest.xml:173:23-50
189                <data android:scheme="file" />
189-->src/main/AndroidManifest.xml:93:17-96:46
189-->src/main/AndroidManifest.xml:96:21-43
190                <data android:scheme="content" />
190-->src/main/AndroidManifest.xml:93:17-96:46
190-->src/main/AndroidManifest.xml:96:21-43
191                <data android:host="*" />
191-->src/main/AndroidManifest.xml:93:17-96:46
191-->src/main/AndroidManifest.xml:94:21-50
192            </intent-filter>
193            <intent-filter>
193-->src/main/AndroidManifest.xml:183:13-197:29
194                <action android:name="android.intent.action.SEND" />
194-->src/main/AndroidManifest.xml:184:17-68
194-->src/main/AndroidManifest.xml:184:25-66
195
196                <category android:name="android.intent.category.DEFAULT" />
196-->src/main/AndroidManifest.xml:72:17-73:57
196-->src/main/AndroidManifest.xml:72:27-94
197                <category android:name="android.intent.category.BROWSABLE" />
197-->src/main/AndroidManifest.xml:91:17-78
197-->src/main/AndroidManifest.xml:91:27-75
198
199                <data android:mimeType="text/xml" />
199-->src/main/AndroidManifest.xml:93:17-96:46
199-->src/main/AndroidManifest.xml:173:23-50
200                <data android:mimeType="text/plain" />
200-->src/main/AndroidManifest.xml:93:17-96:46
200-->src/main/AndroidManifest.xml:173:23-50
201                <data android:mimeType="text/x-opml" />
201-->src/main/AndroidManifest.xml:93:17-96:46
201-->src/main/AndroidManifest.xml:173:23-50
202                <data android:mimeType="application/xml" />
202-->src/main/AndroidManifest.xml:93:17-96:46
202-->src/main/AndroidManifest.xml:173:23-50
203                <data android:mimeType="application/octet-stream" />
203-->src/main/AndroidManifest.xml:93:17-96:46
203-->src/main/AndroidManifest.xml:173:23-50
204                <data android:scheme="http" />
204-->src/main/AndroidManifest.xml:93:17-96:46
204-->src/main/AndroidManifest.xml:96:21-43
205                <data android:scheme="https" />
205-->src/main/AndroidManifest.xml:93:17-96:46
205-->src/main/AndroidManifest.xml:96:21-43
206            </intent-filter>
207        </activity>
208        <activity
208-->src/main/AndroidManifest.xml:199:9-202:20
209            android:name="de.danoeh.antennapod.activity.OpmlFeedChooserActivity"
209-->src/main/AndroidManifest.xml:200:13-61
210            android:label="@string/opml_import_label" >
210-->src/main/AndroidManifest.xml:201:13-54
211        </activity>
212        <activity
212-->src/main/AndroidManifest.xml:203:9-209:20
213            android:name="de.danoeh.antennapod.activity.BugReportActivity"
213-->src/main/AndroidManifest.xml:204:17-59
214            android:label="@string/bug_report_title" >
214-->src/main/AndroidManifest.xml:205:17-57
215            <meta-data
215-->src/main/AndroidManifest.xml:124:13-126:77
216                android:name="android.support.PARENT_ACTIVITY"
216-->src/main/AndroidManifest.xml:125:17-63
217                android:value="de.danoeh.antennapod.activity.PreferenceActivity" />
217-->src/main/AndroidManifest.xml:126:17-75
218        </activity>
219        <activity
219-->src/main/AndroidManifest.xml:211:9-223:20
220            android:name="de.danoeh.antennapod.activity.VideoplayerActivity"
220-->src/main/AndroidManifest.xml:212:13-57
221            android:configChanges="keyboardHidden|orientation|screenSize|screenLayout|smallestScreenSize"
221-->src/main/AndroidManifest.xml:213:13-106
222            android:screenOrientation="sensorLandscape"
222-->src/main/AndroidManifest.xml:215:13-56
223            android:supportsPictureInPicture="true" >
223-->src/main/AndroidManifest.xml:214:13-52
224            <meta-data
224-->src/main/AndroidManifest.xml:124:13-126:77
225                android:name="android.support.PARENT_ACTIVITY"
225-->src/main/AndroidManifest.xml:125:17-63
226                android:value="de.danoeh.antennapod.activity.MainActivity" />
226-->src/main/AndroidManifest.xml:126:17-75
227
228            <intent-filter>
228-->src/main/AndroidManifest.xml:219:13-222:29
229                <action android:name="de.danoeh.antennapod.intents.VIDEO_PLAYER" />
229-->src/main/AndroidManifest.xml:220:17-84
229-->src/main/AndroidManifest.xml:220:25-81
230
231                <category android:name="android.intent.category.DEFAULT" />
231-->src/main/AndroidManifest.xml:72:17-73:57
231-->src/main/AndroidManifest.xml:72:27-94
232            </intent-filter>
233        </activity>
234        <activity
234-->src/main/AndroidManifest.xml:225:9-315:20
235            android:name="de.danoeh.antennapod.activity.OnlineFeedViewActivity"
235-->src/main/AndroidManifest.xml:226:13-60
236            android:configChanges="orientation|screenSize"
236-->src/main/AndroidManifest.xml:227:13-59
237            android:label="@string/add_feed_label"
237-->src/main/AndroidManifest.xml:229:13-51
238            android:theme="@style/Theme.AntennaPod.Dark.Translucent" >
238-->src/main/AndroidManifest.xml:228:13-69
239            <meta-data
239-->src/main/AndroidManifest.xml:124:13-126:77
240                android:name="android.support.PARENT_ACTIVITY"
240-->src/main/AndroidManifest.xml:125:17-63
241                android:value="de.danoeh.antennapod.activity.MainActivity" />
241-->src/main/AndroidManifest.xml:126:17-75
242
243            <!-- URLs ending with '.xml' or '.rss' -->
244            <intent-filter>
244-->src/main/AndroidManifest.xml:235:13-247:29
245                <action android:name="android.intent.action.VIEW" />
245-->src/main/AndroidManifest.xml:88:17-69
245-->src/main/AndroidManifest.xml:88:25-66
246
247                <category android:name="android.intent.category.DEFAULT" />
247-->src/main/AndroidManifest.xml:72:17-73:57
247-->src/main/AndroidManifest.xml:72:27-94
248                <category android:name="android.intent.category.BROWSABLE" />
248-->src/main/AndroidManifest.xml:91:17-78
248-->src/main/AndroidManifest.xml:91:27-75
249
250                <data android:scheme="http" />
250-->src/main/AndroidManifest.xml:93:17-96:46
250-->src/main/AndroidManifest.xml:96:21-43
251                <data android:scheme="https" />
251-->src/main/AndroidManifest.xml:93:17-96:46
251-->src/main/AndroidManifest.xml:96:21-43
252                <data android:host="*" />
252-->src/main/AndroidManifest.xml:93:17-96:46
252-->src/main/AndroidManifest.xml:94:21-50
253                <data android:pathPattern=".*\\.xml" />
253-->src/main/AndroidManifest.xml:93:17-96:46
253-->src/main/AndroidManifest.xml:244:23-53
254                <data android:pathPattern=".*\\.rss" />
254-->src/main/AndroidManifest.xml:93:17-96:46
254-->src/main/AndroidManifest.xml:244:23-53
255                <data android:pathPattern=".*\\.atom" />
255-->src/main/AndroidManifest.xml:93:17-96:46
255-->src/main/AndroidManifest.xml:244:23-53
256            </intent-filter>
257
258            <!-- Feedburner URLs -->
259            <intent-filter>
259-->src/main/AndroidManifest.xml:250:13-262:29
260                <action android:name="android.intent.action.VIEW" />
260-->src/main/AndroidManifest.xml:88:17-69
260-->src/main/AndroidManifest.xml:88:25-66
261
262                <category android:name="android.intent.category.DEFAULT" />
262-->src/main/AndroidManifest.xml:72:17-73:57
262-->src/main/AndroidManifest.xml:72:27-94
263                <category android:name="android.intent.category.BROWSABLE" />
263-->src/main/AndroidManifest.xml:91:17-78
263-->src/main/AndroidManifest.xml:91:27-75
264
265                <data android:scheme="http" />
265-->src/main/AndroidManifest.xml:93:17-96:46
265-->src/main/AndroidManifest.xml:96:21-43
266                <data android:scheme="https" />
266-->src/main/AndroidManifest.xml:93:17-96:46
266-->src/main/AndroidManifest.xml:96:21-43
267                <data android:host="feeds.feedburner.com" />
267-->src/main/AndroidManifest.xml:93:17-96:46
267-->src/main/AndroidManifest.xml:94:21-50
268                <data android:host="feedproxy.google.com" />
268-->src/main/AndroidManifest.xml:93:17-96:46
268-->src/main/AndroidManifest.xml:94:21-50
269                <data android:host="feeds2.feedburner.com" />
269-->src/main/AndroidManifest.xml:93:17-96:46
269-->src/main/AndroidManifest.xml:94:21-50
270                <data android:host="feedsproxy.google.com" />
270-->src/main/AndroidManifest.xml:93:17-96:46
270-->src/main/AndroidManifest.xml:94:21-50
271            </intent-filter>
272
273            <!-- Files with mimeType rss/xml/atom -->
274            <intent-filter>
274-->src/main/AndroidManifest.xml:265:13-277:29
275                <action android:name="android.intent.action.VIEW" />
275-->src/main/AndroidManifest.xml:88:17-69
275-->src/main/AndroidManifest.xml:88:25-66
276
277                <category android:name="android.intent.category.DEFAULT" />
277-->src/main/AndroidManifest.xml:72:17-73:57
277-->src/main/AndroidManifest.xml:72:27-94
278                <category android:name="android.intent.category.BROWSABLE" />
278-->src/main/AndroidManifest.xml:91:17-78
278-->src/main/AndroidManifest.xml:91:27-75
279
280                <data android:scheme="http" />
280-->src/main/AndroidManifest.xml:93:17-96:46
280-->src/main/AndroidManifest.xml:96:21-43
281                <data android:scheme="https" />
281-->src/main/AndroidManifest.xml:93:17-96:46
281-->src/main/AndroidManifest.xml:96:21-43
282                <data android:mimeType="text/xml" />
282-->src/main/AndroidManifest.xml:93:17-96:46
282-->src/main/AndroidManifest.xml:173:23-50
283                <data android:mimeType="application/rss+xml" />
283-->src/main/AndroidManifest.xml:93:17-96:46
283-->src/main/AndroidManifest.xml:173:23-50
284                <data android:mimeType="application/atom+xml" />
284-->src/main/AndroidManifest.xml:93:17-96:46
284-->src/main/AndroidManifest.xml:173:23-50
285                <data android:mimeType="application/xml" />
285-->src/main/AndroidManifest.xml:93:17-96:46
285-->src/main/AndroidManifest.xml:173:23-50
286            </intent-filter>
287
288            <!-- Podcast protocols -->
289            <intent-filter>
289-->src/main/AndroidManifest.xml:280:13-290:29
290                <action android:name="android.intent.action.VIEW" />
290-->src/main/AndroidManifest.xml:88:17-69
290-->src/main/AndroidManifest.xml:88:25-66
291
292                <category android:name="android.intent.category.DEFAULT" />
292-->src/main/AndroidManifest.xml:72:17-73:57
292-->src/main/AndroidManifest.xml:72:27-94
293                <category android:name="android.intent.category.BROWSABLE" />
293-->src/main/AndroidManifest.xml:91:17-78
293-->src/main/AndroidManifest.xml:91:27-75
294
295                <data android:scheme="itpc" />
295-->src/main/AndroidManifest.xml:93:17-96:46
295-->src/main/AndroidManifest.xml:96:21-43
296                <data android:scheme="pcast" />
296-->src/main/AndroidManifest.xml:93:17-96:46
296-->src/main/AndroidManifest.xml:96:21-43
297                <data android:scheme="feed" />
297-->src/main/AndroidManifest.xml:93:17-96:46
297-->src/main/AndroidManifest.xml:96:21-43
298                <data android:scheme="antennapod-subscribe" />
298-->src/main/AndroidManifest.xml:93:17-96:46
298-->src/main/AndroidManifest.xml:96:21-43
299            </intent-filter>
300
301            <!-- Support for subscribeonandroid.com URLS -->
302            <intent-filter>
302-->src/main/AndroidManifest.xml:293:13-305:29
303                <action android:name="android.intent.action.VIEW" />
303-->src/main/AndroidManifest.xml:88:17-69
303-->src/main/AndroidManifest.xml:88:25-66
304
305                <category android:name="android.intent.category.DEFAULT" />
305-->src/main/AndroidManifest.xml:72:17-73:57
305-->src/main/AndroidManifest.xml:72:27-94
306                <category android:name="android.intent.category.BROWSABLE" />
306-->src/main/AndroidManifest.xml:91:17-78
306-->src/main/AndroidManifest.xml:91:27-75
307
308                <data android:pathPattern=".*\\..*/.*" />
308-->src/main/AndroidManifest.xml:93:17-96:46
308-->src/main/AndroidManifest.xml:244:23-53
309                <data android:host="subscribeonandroid.com" />
309-->src/main/AndroidManifest.xml:93:17-96:46
309-->src/main/AndroidManifest.xml:94:21-50
310                <data android:host="www.subscribeonandroid.com" />
310-->src/main/AndroidManifest.xml:93:17-96:46
310-->src/main/AndroidManifest.xml:94:21-50
311                <data android:host="*subscribeonandroid.com" />
311-->src/main/AndroidManifest.xml:93:17-96:46
311-->src/main/AndroidManifest.xml:94:21-50
312                <data android:scheme="http" />
312-->src/main/AndroidManifest.xml:93:17-96:46
312-->src/main/AndroidManifest.xml:96:21-43
313                <data android:scheme="https" />
313-->src/main/AndroidManifest.xml:93:17-96:46
313-->src/main/AndroidManifest.xml:96:21-43
314            </intent-filter>
315            <intent-filter>
315-->src/main/AndroidManifest.xml:307:13-313:29
316                <action android:name="android.intent.action.SEND" />
316-->src/main/AndroidManifest.xml:184:17-68
316-->src/main/AndroidManifest.xml:184:25-66
317
318                <category android:name="android.intent.category.DEFAULT" />
318-->src/main/AndroidManifest.xml:72:17-73:57
318-->src/main/AndroidManifest.xml:72:27-94
319
320                <data android:mimeType="text/plain" />
320-->src/main/AndroidManifest.xml:93:17-96:46
320-->src/main/AndroidManifest.xml:173:23-50
321            </intent-filter>
322        </activity>
323
324        <receiver android:name="de.danoeh.antennapod.receiver.ConnectivityActionReceiver" >
324-->src/main/AndroidManifest.xml:317:9-321:20
324-->src/main/AndroidManifest.xml:317:19-70
325            <intent-filter>